::1 - - [14/Jul/2019:21:19:12 +0000] "GET /tournaments/fa/played HTTP/1.1" 200 687 "-" "Mozilla/5.0 (Macintosh; Intel Mac OS X 10_13_6) AppleWebKit/537.36 (KHTML, like Gecko) Chrome/75.0.3770.100 Safari/537.36"
::1 - - [14/Jul/2019:21:19:15 +0000] "GET /tournaments/fa/played HTTP/1.1" 200 687 "-" "Mozilla/5.0 (Macintosh; Intel Mac OS X 10_13_6) AppleWebKit/537.36 (KHTML, like Gecko) Chrome/75.0.3770.100 Safari/537.36"
::1 - - [14/Jul/2019:21:19:22 +0000] "GET /tournaments/fa HTTP/1.1" 200 1215 "-" "Mozilla/5.0 (Macintosh; Intel Mac OS X 10_13_6) AppleWebKit/537.36 (KHTML, like Gecko) Chrome/75.0.3770.100 Safari/537.36"
::1 - - [14/Jul/2019:21:19:30 +0000] "GET /tournaments/fa HTTP/1.1" 200 1215 "-" "Mozilla/5.0 (Macintosh; Intel Mac OS X 10_13_6) AppleWebKit/537.36 (KHTML, like Gecko) Chrome/75.0.3770.100 Safari/537.36"
::1 - - [14/Jul/2019:21:19:36 +0000] "GET /teams/Manchester%20United HTTP/1.1" 200 477 "-" "Mozilla/5.0 (Macintosh; Intel Mac OS X 10_13_6) AppleWebKit/537.36 (KHTML, like Gecko) Chrome/75.0.3770.100 Safari/537.36"
::1 - - [14/Jul/2019:21:19:44 +0000] "GET /teams/Manchester%20United HTTP/1.1" 200 477 "-" "Mozilla/5.0 (Macintosh; Intel Mac OS X 10_13_6) AppleWebKit/537.36 (KHTML, like Gecko) Chrome/75.0.3770.100 Safari/537.36"
::1 - - [14/Jul/2019:21:19:55 +0000] "GET /team/Arsenal HTTP/1.1" 404 151 "-" "Mozilla/5.0 (Macintosh; Intel Mac OS X 10_13_6) AppleWebKit/537.36 (KHTML, like Gecko) Chrome/75.0.3770.100 Safari/537.36"
::1 - - [14/Jul/2019:21:20:00 +0000] "GET /teams/Arsenal HTTP/1.1" 200 449 "-" "Mozilla/5.0 (Macintosh; Intel Mac OS X 10_13_6) AppleWebKit/537.36 (KHTML, like Gecko) Chrome/75.0.3770.100 Safari/537.36"
::1 - - [14/Jul/2019:21:20:29 +0000] "GET /teams/Arsenal HTTP/1.1" 200 449 "-" "Mozilla/5.0 (Macintosh; Intel Mac OS X 10_13_6) AppleWebKit/537.36 (KHTML, like Gecko) Chrome/75.0.3770.100 Safari/537.36"
::1 - - [14/Jul/2019:21:20:34 +0000] "GET /teams/Arsenala HTTP/1.1" 200 27 "-" "Mozilla/5.0 (Macintosh; Intel Mac OS X 10_13_6) AppleWebKit/537.36 (KHTML, like Gecko) Chrome/75.0.3770.100 Safari/537.36"
::1 - - [15/Jul/2019:05:24:47 +0000] "GET /teams/aaa HTTP/1.1" 200 27 "-" "Mozilla/5.0 (Macintosh; Intel Mac OS X 10_13_6) AppleWebKit/537.36 (KHTML, like Gecko) Chrome/75.0.3770.100 Safari/537.36"
::1 - - [15/Jul/2019:05:24:57 +0000] "GET /teamsa HTTP/1.1" 404 145 "-" "Mozilla/5.0 (Macintosh; Intel Mac OS X 10_13_6) AppleWebKit/537.36 (KHTML, like Gecko) Chrome/75.0.3770.100 Safari/537.36"
::1 - - [15/Jul/2019:05:25:02 +0000] "GET /teamsa HTTP/1.1" 404 145 "-" "Mozilla/5.0 (Macintosh; Intel Mac OS X 10_13_6) AppleWebKit/537.36 (KHTML, like Gecko) Chrome/75.0.3770.100 Safari/537.36"
::1 - - [15/Jul/2019:06:00:39 +0000] "GET /teamsa HTTP/1.1" 404 145 "-" "Mozilla/5.0 (Macintosh; Intel Mac OS X 10_13_6) AppleWebKit/537.36 (KHTML, like Gecko) Chrome/75.0.3770.100 Safari/537.36"
::1 - - [15/Jul/2019:06:00:44 +0000] "GET /teams/Manchester%20United HTTP/1.1" 200 477 "-" "Mozilla/5.0 (Macintosh; Intel Mac OS X 10_13_6) AppleWebKit/537.36 (KHTML, like Gecko) Chrome/75.0.3770.100 Safari/537.36"
::1 - - [15/Jul/2019:06:39:09 +0000] "GET /teams/Manchester%20United HTTP/1.1" 200 477 "-" "Mozilla/5.0 (Macintosh; Intel Mac OS X 10_13_6) AppleWebKit/537.36 (KHTML, like Gecko) Chrome/75.0.3770.100 Safari/537.36"
::1 - - [15/Jul/2019:06:39:24 +0000] "GET /teams/Manchester%20United HTTP/1.1" - - "-" "Mozilla/5.0 (Macintosh; Intel Mac OS X 10_13_6) AppleWebKit/537.36 (KHTML, like Gecko) Chrome/75.0.3770.100 Safari/537.36"
::1 - - [15/Jul/2019:06:39:30 +0000] "GET /teams/Manchester%20United HTTP/1.1" - - "-" "Mozilla/5.0 (Macintosh; Intel Mac OS X 10_13_6) AppleWebKit/537.36 (KHTML, like Gecko) Chrome/75.0.3770.100 Safari/537.36"
::1 - - [15/Jul/2019:06:39:31 +0000] "GET /teams/Manchester%20United HTTP/1.1" - - "-" "Mozilla/5.0 (Macintosh; Intel Mac OS X 10_13_6) AppleWebKit/537.36 (KHTML, like Gecko) Chrome/75.0.3770.100 Safari/537.36"
::1 - - [15/Jul/2019:06:39:40 +0000] "GET /teams/Manchester%20United HTTP/1.1" 200 477 "-" "Mozilla/5.0 (Macintosh; Intel Mac OS X 10_13_6) AppleWebKit/537.36 (KHTML, like Gecko) Chrome/75.0.3770.100 Safari/537.36"
::1 - - [15/Jul/2019:06:47:01 +0000] "GET /teams/Manchester%20United HTTP/1.1" 200 477 "-" "Mozilla/5.0 (Macintosh; Intel Mac OS X 10_13_6) AppleWebKit/537.36 (KHTML, like Gecko) Chrome/75.0.3770.100 Safari/537.36"
::1 - - [15/Jul/2019:06:47:15 +0000] "GET /teams/Arsenal HTTP/1.1" 200 449 "-" "Mozilla/5.0 (Macintosh; Intel Mac OS X 10_13_6) AppleWebKit/537.36 (KHTML, like Gecko) Chrome/75.0.3770.100 Safari/537.36"
::1 - - [15/Jul/2019:06:53:09 +0000] "GET /teams/Arsenal HTTP/1.1" 200 449 "-" "Mozilla/5.0 (Macintosh; Intel Mac OS X 10_13_6) AppleWebKit/537.36 (KHTML, like Gecko) Chrome/75.0.3770.100 Safari/537.36"
::1 - - [15/Jul/2019:06:53:35 +0000] "GET /teams/Arsenal HTTP/1.1" 200 449 "-" "Mozilla/5.0 (Macintosh; Intel Mac OS X 10_13_6) AppleWebKit/537.36 (KHTML, like Gecko) Chrome/75.0.3770.100 Safari/537.36"
::1 - - [15/Jul/2019:06:53:44 +0000] "GET /teams/Arsenal/played HTTP/1.1" 200 187 "-" "Mozilla/5.0 (Macintosh; Intel Mac OS X 10_13_6) AppleWebKit/537.36 (KHTML, like Gecko) Chrome/75.0.3770.100 Safari/537.36"
::1 - - [15/Jul/2019:09:05:35 +0000] "GET /teams/Arsenal/played HTTP/1.1" 200 187 "-" "Mozilla/5.0 (Macintosh; Intel Mac OS X 10_13_6) AppleWebKit/537.36 (KHTML, like Gecko) Chrome/75.0.3770.100 Safari/537.36"
